<?xml version="1.0" encoding="UTF-8"?>
<testsuite xmlns:xsi="http://www.w3.org/2001/XMLSchema-instance" xsi:noNamespaceSchemaLocation="https://maven.apache.org/surefire/maven-surefire-plugin/xsd/surefire-test-report-3.0.xsd" version="3.0" name="TestSuite" time="7.685" tests="8" errors="0" skipped="0" failures="0">
  <properties>
    <property name="java.specification.version" value="21"/>
    <property name="sun.cpu.isalist" value="amd64"/>
    <property name="sun.jnu.encoding" value="Cp1252"/>
    <property name="java.class.path" value="D:\Maven\APITrail\target\test-classes;D:\Maven\APITrail\target\classes;C:\Users\ABDUL KAREMA\.m2\repository\org\seleniumhq\selenium\selenium-java\4.28.1\selenium-java-4.28.1.jar;C:\Users\ABDUL KAREMA\.m2\repository\org\seleniumhq\selenium\selenium-api\4.28.1\selenium-api-4.28.1.jar;C:\Users\ABDUL KAREMA\.m2\repository\org\jspecify\jspecify\1.0.0\jspecify-1.0.0.jar;C:\Users\ABDUL KAREMA\.m2\repository\org\seleniumhq\selenium\selenium-chrome-driver\4.28.1\selenium-chrome-driver-4.28.1.jar;C:\Users\ABDUL KAREMA\.m2\repository\com\google\auto\service\auto-service-annotations\1.1.1\auto-service-annotations-1.1.1.jar;C:\Users\ABDUL KAREMA\.m2\repository\org\seleniumhq\selenium\selenium-chromium-driver\4.28.1\selenium-chromium-driver-4.28.1.jar;C:\Users\ABDUL KAREMA\.m2\repository\org\seleniumhq\selenium\selenium-json\4.28.1\selenium-json-4.28.1.jar;C:\Users\ABDUL KAREMA\.m2\repository\org\seleniumhq\selenium\selenium-manager\4.28.1\selenium-manager-4.28.1.jar;C:\Users\ABDUL KAREMA\.m2\repository\org\seleniumhq\selenium\selenium-devtools-v130\4.28.1\selenium-devtools-v130-4.28.1.jar;C:\Users\ABDUL KAREMA\.m2\repository\org\seleniumhq\selenium\selenium-devtools-v131\4.28.1\selenium-devtools-v131-4.28.1.jar;C:\Users\ABDUL KAREMA\.m2\repository\org\seleniumhq\selenium\selenium-devtools-v132\4.28.1\selenium-devtools-v132-4.28.1.jar;C:\Users\ABDUL KAREMA\.m2\repository\org\seleniumhq\selenium\selenium-devtools-v85\4.28.1\selenium-devtools-v85-4.28.1.jar;C:\Users\ABDUL KAREMA\.m2\repository\org\seleniumhq\selenium\selenium-edge-driver\4.28.1\selenium-edge-driver-4.28.1.jar;C:\Users\ABDUL KAREMA\.m2\repository\org\seleniumhq\selenium\selenium-firefox-driver\4.28.1\selenium-firefox-driver-4.28.1.jar;C:\Users\ABDUL KAREMA\.m2\repository\org\seleniumhq\selenium\selenium-http\4.28.1\selenium-http-4.28.1.jar;C:\Users\ABDUL KAREMA\.m2\repository\org\seleniumhq\selenium\selenium-ie-driver\4.28.1\selenium-ie-driver-4.28.1.jar;C:\Users\ABDUL KAREMA\.m2\repository\org\seleniumhq\selenium\selenium-remote-driver\4.28.1\selenium-remote-driver-4.28.1.jar;C:\Users\ABDUL KAREMA\.m2\repository\com\google\guava\guava\33.4.0-jre\guava-33.4.0-jre.jar;C:\Users\ABDUL KAREMA\.m2\repository\com\google\guava\failureaccess\1.0.2\failureaccess-1.0.2.jar;C:\Users\ABDUL KAREMA\.m2\repository\com\google\guava\listenablefuture\9999.0-empty-to-avoid-conflict-with-guava\listenablefuture-9999.0-empty-to-avoid-conflict-with-guava.jar;C:\Users\ABDUL KAREMA\.m2\repository\com\google\code\findbugs\jsr305\3.0.2\jsr305-3.0.2.jar;C:\Users\ABDUL KAREMA\.m2\repository\org\checkerframework\checker-qual\3.43.0\checker-qual-3.43.0.jar;C:\Users\ABDUL KAREMA\.m2\repository\com\google\errorprone\error_prone_annotations\2.36.0\error_prone_annotations-2.36.0.jar;C:\Users\ABDUL KAREMA\.m2\repository\com\google\j2objc\j2objc-annotations\3.0.0\j2objc-annotations-3.0.0.jar;C:\Users\ABDUL KAREMA\.m2\repository\io\opentelemetry\semconv\opentelemetry-semconv\1.28.0-alpha\opentelemetry-semconv-1.28.0-alpha.jar;C:\Users\ABDUL KAREMA\.m2\repository\io\opentelemetry\opentelemetry-api\1.46.0\opentelemetry-api-1.46.0.jar;C:\Users\ABDUL KAREMA\.m2\repository\io\opentelemetry\opentelemetry-context\1.46.0\opentelemetry-context-1.46.0.jar;C:\Users\ABDUL KAREMA\.m2\repository\io\opentelemetry\opentelemetry-exporter-logging\1.46.0\opentelemetry-exporter-logging-1.46.0.jar;C:\Users\ABDUL KAREMA\.m2\repository\io\opentelemetry\opentelemetry-sdk-common\1.46.0\opentelemetry-sdk-common-1.46.0.jar;C:\Users\ABDUL KAREMA\.m2\repository\io\opentelemetry\opentelemetry-sdk-extension-autoconfigure-spi\1.46.0\opentelemetry-sdk-extension-autoconfigure-spi-1.46.0.jar;C:\Users\ABDUL KAREMA\.m2\repository\io\opentelemetry\opentelemetry-sdk-extension-autoconfigure\1.46.0\opentelemetry-sdk-extension-autoconfigure-1.46.0.jar;C:\Users\ABDUL KAREMA\.m2\repository\io\opentelemetry\opentelemetry-api-incubator\1.46.0-alpha\opentelemetry-api-incubator-1.46.0-alpha.jar;C:\Users\ABDUL KAREMA\.m2\repository\io\opentelemetry\opentelemetry-sdk-trace\1.46.0\opentelemetry-sdk-trace-1.46.0.jar;C:\Users\ABDUL KAREMA\.m2\repository\io\opentelemetry\opentelemetry-sdk\1.46.0\opentelemetry-sdk-1.46.0.jar;C:\Users\ABDUL KAREMA\.m2\repository\io\opentelemetry\opentelemetry-sdk-metrics\1.46.0\opentelemetry-sdk-metrics-1.46.0.jar;C:\Users\ABDUL KAREMA\.m2\repository\io\opentelemetry\opentelemetry-sdk-logs\1.46.0\opentelemetry-sdk-logs-1.46.0.jar;C:\Users\ABDUL KAREMA\.m2\repository\net\bytebuddy\byte-buddy\1.15.11\byte-buddy-1.15.11.jar;C:\Users\ABDUL KAREMA\.m2\repository\org\seleniumhq\selenium\selenium-os\4.28.1\selenium-os-4.28.1.jar;C:\Users\ABDUL KAREMA\.m2\repository\org\apache\commons\commons-exec\1.4.0\commons-exec-1.4.0.jar;C:\Users\ABDUL KAREMA\.m2\repository\org\seleniumhq\selenium\selenium-safari-driver\4.28.1\selenium-safari-driver-4.28.1.jar;C:\Users\ABDUL KAREMA\.m2\repository\org\seleniumhq\selenium\selenium-support\4.28.1\selenium-support-4.28.1.jar;C:\Users\ABDUL KAREMA\.m2\repository\org\apache\poi\poi-ooxml\4.1.2\poi-ooxml-4.1.2.jar;C:\Users\ABDUL KAREMA\.m2\repository\org\apache\poi\poi\4.1.2\poi-4.1.2.jar;C:\Users\ABDUL KAREMA\.m2\repository\commons-codec\commons-codec\1.13\commons-codec-1.13.jar;C:\Users\ABDUL KAREMA\.m2\repository\org\apache\commons\commons-collections4\4.4\commons-collections4-4.4.jar;C:\Users\ABDUL KAREMA\.m2\repository\org\apache\commons\commons-math3\3.6.1\commons-math3-3.6.1.jar;C:\Users\ABDUL KAREMA\.m2\repository\com\zaxxer\SparseBitSet\1.2\SparseBitSet-1.2.jar;C:\Users\ABDUL KAREMA\.m2\repository\org\apache\poi\poi-ooxml-schemas\4.1.2\poi-ooxml-schemas-4.1.2.jar;C:\Users\ABDUL KAREMA\.m2\repository\org\apache\xmlbeans\xmlbeans\3.1.0\xmlbeans-3.1.0.jar;C:\Users\ABDUL KAREMA\.m2\repository\org\apache\commons\commons-compress\1.19\commons-compress-1.19.jar;C:\Users\ABDUL KAREMA\.m2\repository\com\github\virtuald\curvesapi\1.06\curvesapi-1.06.jar;C:\Users\ABDUL KAREMA\.m2\repository\commons-io\commons-io\2.18.0\commons-io-2.18.0.jar;C:\Users\ABDUL KAREMA\.m2\repository\org\testng\testng\7.11.0\testng-7.11.0.jar;C:\Users\ABDUL KAREMA\.m2\repository\org\slf4j\slf4j-api\2.0.16\slf4j-api-2.0.16.jar;C:\Users\ABDUL KAREMA\.m2\repository\org\jcommander\jcommander\1.83\jcommander-1.83.jar;C:\Users\ABDUL KAREMA\.m2\repository\org\webjars\jquery\3.7.1\jquery-3.7.1.jar;C:\Users\ABDUL KAREMA\.m2\repository\io\rest-assured\rest-assured\5.5.1\rest-assured-5.5.1.jar;C:\Users\ABDUL KAREMA\.m2\repository\org\apache\groovy\groovy\4.0.22\groovy-4.0.22.jar;C:\Users\ABDUL KAREMA\.m2\repository\org\apache\groovy\groovy-xml\4.0.22\groovy-xml-4.0.22.jar;C:\Users\ABDUL KAREMA\.m2\repository\org\apache\httpcomponents\httpclient\4.5.13\httpclient-4.5.13.jar;C:\Users\ABDUL KAREMA\.m2\repository\org\apache\httpcomponents\httpcore\4.4.13\httpcore-4.4.13.jar;C:\Users\ABDUL KAREMA\.m2\repository\commons-logging\commons-logging\1.2\commons-logging-1.2.jar;C:\Users\ABDUL KAREMA\.m2\repository\org\apache\httpcomponents\httpmime\4.5.13\httpmime-4.5.13.jar;C:\Users\ABDUL KAREMA\.m2\repository\org\hamcrest\hamcrest\2.2\hamcrest-2.2.jar;C:\Users\ABDUL KAREMA\.m2\repository\org\ccil\cowan\tagsoup\tagsoup\1.2.1\tagsoup-1.2.1.jar;C:\Users\ABDUL KAREMA\.m2\repository\io\rest-assured\json-path\5.5.1\json-path-5.5.1.jar;C:\Users\ABDUL KAREMA\.m2\repository\org\apache\groovy\groovy-json\4.0.22\groovy-json-4.0.22.jar;C:\Users\ABDUL KAREMA\.m2\repository\io\rest-assured\rest-assured-common\5.5.1\rest-assured-common-5.5.1.jar;C:\Users\ABDUL KAREMA\.m2\repository\io\rest-assured\xml-path\5.5.1\xml-path-5.5.1.jar;C:\Users\ABDUL KAREMA\.m2\repository\org\apache\commons\commons-lang3\3.16.0\commons-lang3-3.16.0.jar;C:\Users\ABDUL KAREMA\.m2\repository\org\projectlombok\lombok\1.18.38\lombok-1.18.38.jar;C:\Users\ABDUL KAREMA\.m2\repository\com\fasterxml\jackson\core\jackson-databind\2.18.3\jackson-databind-2.18.3.jar;C:\Users\ABDUL KAREMA\.m2\repository\com\fasterxml\jackson\core\jackson-annotations\2.18.3\jackson-annotations-2.18.3.jar;C:\Users\ABDUL KAREMA\.m2\repository\com\fasterxml\jackson\core\jackson-core\2.18.3\jackson-core-2.18.3.jar;C:\Users\ABDUL KAREMA\.m2\repository\com\googlecode\json-simple\json-simple\1.1.1\json-simple-1.1.1.jar;C:\Users\ABDUL KAREMA\.m2\repository\junit\junit\4.10\junit-4.10.jar;C:\Users\ABDUL KAREMA\.m2\repository\org\hamcrest\hamcrest-core\1.1\hamcrest-core-1.1.jar;"/>
    <property name="java.vm.vendor" value="Oracle Corporation"/>
    <property name="sun.arch.data.model" value="64"/>
    <property name="user.variant" value=""/>
    <property name="java.vendor.url" value="https://java.oracle.com/"/>
    <property name="user.timezone" value="Asia/Calcutta"/>
    <property name="os.name" value="Windows 11"/>
    <property name="java.vm.specification.version" value="21"/>
    <property name="sun.java.launcher" value="SUN_STANDARD"/>
    <property name="user.country" value="IN"/>
    <property name="sun.boot.library.path" value="C:\Program Files\Java\jdk-21\bin"/>
    <property name="sun.java.command" value="C:\Users\ABDUL KAREMA\AppData\Local\Temp\surefire7668077258000964651\surefirebooter-20250425211217986_3.jar C:\Users\ABDUL KAREMA\AppData\Local\Temp\surefire7668077258000964651 2025-04-25T21-12-17_720-jvmRun1 surefire-20250425211217986_1tmp surefire_0-20250425211217986_2tmp"/>
    <property name="jdk.debug" value="release"/>
    <property name="surefire.test.class.path" value="D:\Maven\APITrail\target\test-classes;D:\Maven\APITrail\target\classes;C:\Users\ABDUL KAREMA\.m2\repository\org\seleniumhq\selenium\selenium-java\4.28.1\selenium-java-4.28.1.jar;C:\Users\ABDUL KAREMA\.m2\repository\org\seleniumhq\selenium\selenium-api\4.28.1\selenium-api-4.28.1.jar;C:\Users\ABDUL KAREMA\.m2\repository\org\jspecify\jspecify\1.0.0\jspecify-1.0.0.jar;C:\Users\ABDUL KAREMA\.m2\repository\org\seleniumhq\selenium\selenium-chrome-driver\4.28.1\selenium-chrome-driver-4.28.1.jar;C:\Users\ABDUL KAREMA\.m2\repository\com\google\auto\service\auto-service-annotations\1.1.1\auto-service-annotations-1.1.1.jar;C:\Users\ABDUL KAREMA\.m2\repository\org\seleniumhq\selenium\selenium-chromium-driver\4.28.1\selenium-chromium-driver-4.28.1.jar;C:\Users\ABDUL KAREMA\.m2\repository\org\seleniumhq\selenium\selenium-json\4.28.1\selenium-json-4.28.1.jar;C:\Users\ABDUL KAREMA\.m2\repository\org\seleniumhq\selenium\selenium-manager\4.28.1\selenium-manager-4.28.1.jar;C:\Users\ABDUL KAREMA\.m2\repository\org\seleniumhq\selenium\selenium-devtools-v130\4.28.1\selenium-devtools-v130-4.28.1.jar;C:\Users\ABDUL KAREMA\.m2\repository\org\seleniumhq\selenium\selenium-devtools-v131\4.28.1\selenium-devtools-v131-4.28.1.jar;C:\Users\ABDUL KAREMA\.m2\repository\org\seleniumhq\selenium\selenium-devtools-v132\4.28.1\selenium-devtools-v132-4.28.1.jar;C:\Users\ABDUL KAREMA\.m2\repository\org\seleniumhq\selenium\selenium-devtools-v85\4.28.1\selenium-devtools-v85-4.28.1.jar;C:\Users\ABDUL KAREMA\.m2\repository\org\seleniumhq\selenium\selenium-edge-driver\4.28.1\selenium-edge-driver-4.28.1.jar;C:\Users\ABDUL KAREMA\.m2\repository\org\seleniumhq\selenium\selenium-firefox-driver\4.28.1\selenium-firefox-driver-4.28.1.jar;C:\Users\ABDUL KAREMA\.m2\repository\org\seleniumhq\selenium\selenium-http\4.28.1\selenium-http-4.28.1.jar;C:\Users\ABDUL KAREMA\.m2\repository\org\seleniumhq\selenium\selenium-ie-driver\4.28.1\selenium-ie-driver-4.28.1.jar;C:\Users\ABDUL KAREMA\.m2\repository\org\seleniumhq\selenium\selenium-remote-driver\4.28.1\selenium-remote-driver-4.28.1.jar;C:\Users\ABDUL KAREMA\.m2\repository\com\google\guava\guava\33.4.0-jre\guava-33.4.0-jre.jar;C:\Users\ABDUL KAREMA\.m2\repository\com\google\guava\failureaccess\1.0.2\failureaccess-1.0.2.jar;C:\Users\ABDUL KAREMA\.m2\repository\com\google\guava\listenablefuture\9999.0-empty-to-avoid-conflict-with-guava\listenablefuture-9999.0-empty-to-avoid-conflict-with-guava.jar;C:\Users\ABDUL KAREMA\.m2\repository\com\google\code\findbugs\jsr305\3.0.2\jsr305-3.0.2.jar;C:\Users\ABDUL KAREMA\.m2\repository\org\checkerframework\checker-qual\3.43.0\checker-qual-3.43.0.jar;C:\Users\ABDUL KAREMA\.m2\repository\com\google\errorprone\error_prone_annotations\2.36.0\error_prone_annotations-2.36.0.jar;C:\Users\ABDUL KAREMA\.m2\repository\com\google\j2objc\j2objc-annotations\3.0.0\j2objc-annotations-3.0.0.jar;C:\Users\ABDUL KAREMA\.m2\repository\io\opentelemetry\semconv\opentelemetry-semconv\1.28.0-alpha\opentelemetry-semconv-1.28.0-alpha.jar;C:\Users\ABDUL KAREMA\.m2\repository\io\opentelemetry\opentelemetry-api\1.46.0\opentelemetry-api-1.46.0.jar;C:\Users\ABDUL KAREMA\.m2\repository\io\opentelemetry\opentelemetry-context\1.46.0\opentelemetry-context-1.46.0.jar;C:\Users\ABDUL KAREMA\.m2\repository\io\opentelemetry\opentelemetry-exporter-logging\1.46.0\opentelemetry-exporter-logging-1.46.0.jar;C:\Users\ABDUL KAREMA\.m2\repository\io\opentelemetry\opentelemetry-sdk-common\1.46.0\opentelemetry-sdk-common-1.46.0.jar;C:\Users\ABDUL KAREMA\.m2\repository\io\opentelemetry\opentelemetry-sdk-extension-autoconfigure-spi\1.46.0\opentelemetry-sdk-extension-autoconfigure-spi-1.46.0.jar;C:\Users\ABDUL KAREMA\.m2\repository\io\opentelemetry\opentelemetry-sdk-extension-autoconfigure\1.46.0\opentelemetry-sdk-extension-autoconfigure-1.46.0.jar;C:\Users\ABDUL KAREMA\.m2\repository\io\opentelemetry\opentelemetry-api-incubator\1.46.0-alpha\opentelemetry-api-incubator-1.46.0-alpha.jar;C:\Users\ABDUL KAREMA\.m2\repository\io\opentelemetry\opentelemetry-sdk-trace\1.46.0\opentelemetry-sdk-trace-1.46.0.jar;C:\Users\ABDUL KAREMA\.m2\repository\io\opentelemetry\opentelemetry-sdk\1.46.0\opentelemetry-sdk-1.46.0.jar;C:\Users\ABDUL KAREMA\.m2\repository\io\opentelemetry\opentelemetry-sdk-metrics\1.46.0\opentelemetry-sdk-metrics-1.46.0.jar;C:\Users\ABDUL KAREMA\.m2\repository\io\opentelemetry\opentelemetry-sdk-logs\1.46.0\opentelemetry-sdk-logs-1.46.0.jar;C:\Users\ABDUL KAREMA\.m2\repository\net\bytebuddy\byte-buddy\1.15.11\byte-buddy-1.15.11.jar;C:\Users\ABDUL KAREMA\.m2\repository\org\seleniumhq\selenium\selenium-os\4.28.1\selenium-os-4.28.1.jar;C:\Users\ABDUL KAREMA\.m2\repository\org\apache\commons\commons-exec\1.4.0\commons-exec-1.4.0.jar;C:\Users\ABDUL KAREMA\.m2\repository\org\seleniumhq\selenium\selenium-safari-driver\4.28.1\selenium-safari-driver-4.28.1.jar;C:\Users\ABDUL KAREMA\.m2\repository\org\seleniumhq\selenium\selenium-support\4.28.1\selenium-support-4.28.1.jar;C:\Users\ABDUL KAREMA\.m2\repository\org\apache\poi\poi-ooxml\4.1.2\poi-ooxml-4.1.2.jar;C:\Users\ABDUL KAREMA\.m2\repository\org\apache\poi\poi\4.1.2\poi-4.1.2.jar;C:\Users\ABDUL KAREMA\.m2\repository\commons-codec\commons-codec\1.13\commons-codec-1.13.jar;C:\Users\ABDUL KAREMA\.m2\repository\org\apache\commons\commons-collections4\4.4\commons-collections4-4.4.jar;C:\Users\ABDUL KAREMA\.m2\repository\org\apache\commons\commons-math3\3.6.1\commons-math3-3.6.1.jar;C:\Users\ABDUL KAREMA\.m2\repository\com\zaxxer\SparseBitSet\1.2\SparseBitSet-1.2.jar;C:\Users\ABDUL KAREMA\.m2\repository\org\apache\poi\poi-ooxml-schemas\4.1.2\poi-ooxml-schemas-4.1.2.jar;C:\Users\ABDUL KAREMA\.m2\repository\org\apache\xmlbeans\xmlbeans\3.1.0\xmlbeans-3.1.0.jar;C:\Users\ABDUL KAREMA\.m2\repository\org\apache\commons\commons-compress\1.19\commons-compress-1.19.jar;C:\Users\ABDUL KAREMA\.m2\repository\com\github\virtuald\curvesapi\1.06\curvesapi-1.06.jar;C:\Users\ABDUL KAREMA\.m2\repository\commons-io\commons-io\2.18.0\commons-io-2.18.0.jar;C:\Users\ABDUL KAREMA\.m2\repository\org\testng\testng\7.11.0\testng-7.11.0.jar;C:\Users\ABDUL KAREMA\.m2\repository\org\slf4j\slf4j-api\2.0.16\slf4j-api-2.0.16.jar;C:\Users\ABDUL KAREMA\.m2\repository\org\jcommander\jcommander\1.83\jcommander-1.83.jar;C:\Users\ABDUL KAREMA\.m2\repository\org\webjars\jquery\3.7.1\jquery-3.7.1.jar;C:\Users\ABDUL KAREMA\.m2\repository\io\rest-assured\rest-assured\5.5.1\rest-assured-5.5.1.jar;C:\Users\ABDUL KAREMA\.m2\repository\org\apache\groovy\groovy\4.0.22\groovy-4.0.22.jar;C:\Users\ABDUL KAREMA\.m2\repository\org\apache\groovy\groovy-xml\4.0.22\groovy-xml-4.0.22.jar;C:\Users\ABDUL KAREMA\.m2\repository\org\apache\httpcomponents\httpclient\4.5.13\httpclient-4.5.13.jar;C:\Users\ABDUL KAREMA\.m2\repository\org\apache\httpcomponents\httpcore\4.4.13\httpcore-4.4.13.jar;C:\Users\ABDUL KAREMA\.m2\repository\commons-logging\commons-logging\1.2\commons-logging-1.2.jar;C:\Users\ABDUL KAREMA\.m2\repository\org\apache\httpcomponents\httpmime\4.5.13\httpmime-4.5.13.jar;C:\Users\ABDUL KAREMA\.m2\repository\org\hamcrest\hamcrest\2.2\hamcrest-2.2.jar;C:\Users\ABDUL KAREMA\.m2\repository\org\ccil\cowan\tagsoup\tagsoup\1.2.1\tagsoup-1.2.1.jar;C:\Users\ABDUL KAREMA\.m2\repository\io\rest-assured\json-path\5.5.1\json-path-5.5.1.jar;C:\Users\ABDUL KAREMA\.m2\repository\org\apache\groovy\groovy-json\4.0.22\groovy-json-4.0.22.jar;C:\Users\ABDUL KAREMA\.m2\repository\io\rest-assured\rest-assured-common\5.5.1\rest-assured-common-5.5.1.jar;C:\Users\ABDUL KAREMA\.m2\repository\io\rest-assured\xml-path\5.5.1\xml-path-5.5.1.jar;C:\Users\ABDUL KAREMA\.m2\repository\org\apache\commons\commons-lang3\3.16.0\commons-lang3-3.16.0.jar;C:\Users\ABDUL KAREMA\.m2\repository\org\projectlombok\lombok\1.18.38\lombok-1.18.38.jar;C:\Users\ABDUL KAREMA\.m2\repository\com\fasterxml\jackson\core\jackson-databind\2.18.3\jackson-databind-2.18.3.jar;C:\Users\ABDUL KAREMA\.m2\repository\com\fasterxml\jackson\core\jackson-annotations\2.18.3\jackson-annotations-2.18.3.jar;C:\Users\ABDUL KAREMA\.m2\repository\com\fasterxml\jackson\core\jackson-core\2.18.3\jackson-core-2.18.3.jar;C:\Users\ABDUL KAREMA\.m2\repository\com\googlecode\json-simple\json-simple\1.1.1\json-simple-1.1.1.jar;C:\Users\ABDUL KAREMA\.m2\repository\junit\junit\4.10\junit-4.10.jar;C:\Users\ABDUL KAREMA\.m2\repository\org\hamcrest\hamcrest-core\1.1\hamcrest-core-1.1.jar;"/>
    <property name="sun.cpu.endian" value="little"/>
    <property name="user.home" value="C:\Users\ABDUL KAREMA"/>
    <property name="user.language" value="en"/>
    <property name="java.specification.vendor" value="Oracle Corporation"/>
    <property name="java.version.date" value="2025-01-21"/>
    <property name="java.home" value="C:\Program Files\Java\jdk-21"/>
    <property name="file.separator" value="\"/>
    <property name="basedir" value="D:\Maven\APITrail"/>
    <property name="java.vm.compressedOopsMode" value="Zero based"/>
    <property name="line.separator" value="&#10;"/>
    <property name="java.vm.specification.vendor" value="Oracle Corporation"/>
    <property name="java.specification.name" value="Java Platform API Specification"/>
    <property name="surefire.real.class.path" value="C:\Users\ABDUL KAREMA\AppData\Local\Temp\surefire7668077258000964651\surefirebooter-20250425211217986_3.jar"/>
    <property name="user.script" value=""/>
    <property name="sun.management.compiler" value="HotSpot 64-Bit Tiered Compilers"/>
    <property name="java.runtime.version" value="21.0.6+8-LTS-188"/>
    <property name="user.name" value="ABDUL KARIM AZAD"/>
    <property name="stdout.encoding" value="Cp1252"/>
    <property name="path.separator" value=";"/>
    <property name="os.version" value="10.0"/>
    <property name="java.runtime.name" value="Java(TM) SE Runtime Environment"/>
    <property name="file.encoding" value="UTF-8"/>
    <property name="java.vm.name" value="Java HotSpot(TM) 64-Bit Server VM"/>
    <property name="localRepository" value="C:\Users\ABDUL KAREMA\.m2\repository"/>
    <property name="java.vendor.url.bug" value="https://bugreport.java.com/bugreport/"/>
    <property name="java.io.tmpdir" value="C:\Users\ABDULK~1\AppData\Local\Temp\"/>
    <property name="java.version" value="21.0.6"/>
    <property name="user.dir" value="D:\Maven\APITrail"/>
    <property name="os.arch" value="amd64"/>
    <property name="java.vm.specification.name" value="Java Virtual Machine Specification"/>
    <property name="sun.os.patch.level" value=""/>
    <property name="native.encoding" value="Cp1252"/>
    <property name="java.library.path" value="C:\Program Files\Java\jdk-21\bin;C:\WINDOWS\Sun\Java\bin;C:\WINDOWS\system32;C:\WINDOWS;C:\oraclexe\app\oracle\product\10.2.0\server\bin;C:\Program Files\Common Files\Oracle\Java\javapath;C:\Program Files\Python311\Scripts\;C:\Program Files\Python311\;F:\oraclexe\dbhomeXE\bin;C:\windows\system32;C:\windows;C:\windows\System32\Wbem;C:\windows\System32\WindowsPowerShell\v1.0\;C:\windows\System32\OpenSSH\;C:\Program Files (x86)\NVIDIA Corporation\PhysX\Common;C:\WINDOWS\system32;C:\WINDOWS;C:\WINDOWS\System32\Wbem;C:\WINDOWS\System32\WindowsPowerShell\v1.0\;C:\WINDOWS\System32\OpenSSH\;C:\Program Files\dotnet\;C:\Program Files\Microsoft SQL Server\Client SDK\ODBC\170\Tools\Binn\;C:\cuda\cuda\include;C:\cuda\cuda\bin;C:\Program Files (x86)\dotnet\;C:\Users\ABDUL KAREMA\AppData\Roaming\Python\Python311\Scripts;C:\Users\ABDUL KAREMA;C:\Program Files\Java\jdk1.8.0_301\bin;C:\Program Files (x86)\IncrediBuild;C:\Program Files\Apache\Maven\apache-maven-3.9.9\bin;C:\Program Files\Java\jdk-21\bin;C:\Program Files\NVIDIA Corporation\NVIDIA app\NvDLISR;C:\softwares\android_sdk\cmdline-tools\latest\bin;C:\softwares\android_sdk\platform-tools;C:\Program Files\nodejs\;C:\Program Files\Microsoft SQL Server\130\Tools\Binn\;C:\geckodriver;C:\Program Files\Git\cmd;C:\Users\ABDUL KAREMA\AppData\Local\Microsoft\WindowsApps;C:\Users\ABDUL KAREMA\.dotnet\tools;C:\Users\ABDUL KAREMA\AppData\Local\JetBrains\PyCharm Community Edition 2024.2.1\bin;;C:\Users\ABDUL KAREMA\AppData\Roaming\npm;;."/>
    <property name="java.vm.info" value="mixed mode, sharing"/>
    <property name="stderr.encoding" value="Cp1252"/>
    <property name="java.vendor" value="Oracle Corporation"/>
    <property name="java.vm.version" value="21.0.6+8-LTS-188"/>
    <property name="sun.io.unicode.encoding" value="UnicodeLittle"/>
    <property name="java.class.version" value="65.0"/>
  </properties>
  <testcase name="postFlight" classname="com.omrbranch.testng.TestAPIWithBaseClass" time="3.482">
    <system-out><![CDATA[201
{
    "message": "Flight Created Successfully",
    "data": {
        "id": 45634,
        "flightName": "Deutsch",
        "Country": "India",
        "Destinations": "87",
        "URL": "https://en.wikipedia.org/wiki/Air_India",
        "Created_date": "2025-04-25 21:12:22"
    }
}
Flight Created Successfully
45634
]]></system-out>
    <system-err><![CDATA[SLF4J(W): No SLF4J providers were found.
SLF4J(W): Defaulting to no-operation (NOP) logger implementation
SLF4J(W): See https://www.slf4j.org/codes.html#noProviders for further details.
]]></system-err>
  </testcase>
  <testcase name="login" classname="com.omrbranch.testng.TestAPIWithBaseClass" time="0.555">
    <system-out><![CDATA[200
{
    "status": 200,
    "message": "Login successfully",
    "data": {
        "id": 65,
        "user_code": "USROc6t8",
        "first_name": "Abdul Karim",
        "last_name": "Azad",
        "email": "abdulsensor@ymail.com",
        "mobile_number": "9976909234",
        "password": "$2y$10$gYxA3ZeAlhQHEhujTUDl3.83BfYuser/iDAOFVGrPNkDcTRnWge3.",
        "api_key": "WXYZ7243ijk54942",
        "days": 7,
        "month": "April",
        "year": "1991",
        "gender": "male",
        "hobbies": "cooking,photography",
        "forgot_key": "",
        "profile_picture": "",
        "login_cookie": "YWJkdWxzZW5zb3JAeW1haWwuY29t1744871077",
        "google_signin": 0,
        "google_auth_id": "",
        "facebook_signin": 0,
        "facebook_id": "",
        "referral_code": "HI4077MNO83",
        "wallet_amount": 0,
        "device_id": null,
        "device_token": null,
        "is_verified": 1,
        "admin_verify": 1,
        "admin_verified": 0,
        "flight_access": "no",
        "device_type": null,
        "status": "AC",
        "travel_access": "no",
        "grocery_front_access": "yes",
        "travel_with_api_access": "no",
        "sample_api_access": "yes",
        "database_access": "no",
        "admin_panel_access": "no",
        "mobile_app_access": "no",
        "created_at": "2025-03-08 09:33:19",
        "updated_at": "2025-04-21 14:31:38",
        "refer_screen": "Ask your friends to signup with your referral code. Once done, both you and your friend each earn $ 5",
        "logtoken": "eyJ0eXAiOiJKV1QiLCJhbGciOiJSUzI1NiIsImp0aSI6IjA3ZjU1NWNiMzU0NjQzNmM2OTM4OTY3YjNmYWNhMDliM2NjNmQyZjRiYjU4MDY2Yjg4NzFlMTJiYmJiMDE3NWQyNmMxNjJmNWIzMTgzMDk3In0.eyJhdWQiOiIzIiwianRpIjoiMDdmNTU1Y2IzNTQ2NDM2YzY5Mzg5NjdiM2ZhY2EwOWIzY2M2ZDJmNGJiNTgwNjZiODg3MWUxMmJiYmIwMTc1ZDI2YzE2MmY1YjMxODMwOTciLCJpYXQiOjE3NDU1OTU3NDMsIm5iZiI6MTc0NTU5NTc0MywiZXhwIjoxNzc3MTMxNzQzLCJzdWIiOiI2NSIsInNjb3BlcyI6W119.Zrq_M8vY_IZWvXeNj8CsPh-82Rzj0n2e5AtUIBFHOsd2F2QmHRE5BhwcMN2_q51NgVcU98mKUf2AJF1EQy3snlBrq7NzdGaHSNQqFcnCtpStZbJOsBq33r7oPCB_SThFuxvSN5_Ngbhy6VfZuEYwNgLQ61ivDNNEX4vMOKWa9JxJ0qVJXIGs_0dq9A3WZ1GnSU6vpCgjYOhw9osQvx3gMP23GjK2dC7FfRoJvhX45x5cJqJl8dQzvV2OEM_x-YwuFpeLgYsTsj3mqhjA4eDVaOfbFjfGK_8z_D2VzuFcqEK2y2OoVLu6zk5dz1YmVpu53dCvZhphkM6UPDRJdZsG0GXoZ80vLAMZ_8jX72kMJ3WvXMppT1E13hUx7r3-kyV3zjDhKUwMXBfItowlCBCHMWAu0pBxIXQO2HwSt-i5WpXOYV5nA236y9B8mdyrW6O4OwNoYJ-aad2m2ys9YFmv4id4-bm65FbQIX4Vu-5tSfpN-Xb6rAYMY_koT_hc2AumTcrJ_L2YJylvoD3fap1UQjMLKM1ViVG_9f2I_RgBDwxM8kVj7-TVHfqVwqm-fQWOXf2wFrwEibWqAF29JxPAf0eprYRfWb5Bcm9m7AH3nNQa8bMkzyy2CAjNMys4w8b75nNdG9IEgh_By6U0EycW-QfMq6n6RoOAOBc_k3f8kv0",
        "user_role": [
            {
                "id": 7,
                "role": "user",
                "name": "User",
                "status": "AC",
                "created_at": "2019-01-24 11:20:45",
                "updated_at": "2022-11-18 12:37:46",
                "pivot": {
                    "user_id": 65,
                    "role_id": 7
                }
            }
        ]
    },
    "refer_msg": "Register on GoGrocery with HI4077MNO83 and earn $ 5. Download on Android https://play.google.com/store/apps/details?id=com.Go_Grocery&hl=en & Download on iOS https://apps.apple.com/in/app/go-grocery-club/id1512758810",
    "cart_count": 0,
    "role": "user"
}
]]></system-out>
  </testcase>
  <testcase name="postFlight" classname="com.omrbranch.testng.TestNGAPI" time="0.455">
    <system-out><![CDATA[201
{"message":"Flight Created Successfully","data":{"id":45635,"flightName":"Karim","Country":"India","Destinations":"87","URL":"https:\/\/en.wikipedia.org\/wiki\/Air_India","Created_date":"2025-04-25 21:12:24"}}
{
    "message": "Flight Created Successfully",
    "data": {
        "id": 45635,
        "flightName": "Karim",
        "Country": "India",
        "Destinations": "87",
        "URL": "https://en.wikipedia.org/wiki/Air_India",
        "Created_date": "2025-04-25 21:12:24"
    }
}
Flight Created Successfully
45635
]]></system-out>
  </testcase>
  <testcase name="getFlight" classname="com.omrbranch.testng.TestNGAPI" time="0.423">
    <system-out><![CDATA[200
{"data":{"id":45635,"flightName":"Karim","Country":"India","Destinations":"87","URL":"https:\/\/en.wikipedia.org\/wiki\/Air_India","Created_Date":"2025-04-25 21:12:24","Updated_Date":"2025-04-25 21:12:24"},"support":{"url":"https:\/\/omrbranch.com","text":"For Joining Automation Course, Please Contact-Velmurugan 9944152058"}}
{
    "data": {
        "id": 45635,
        "flightName": "Karim",
        "Country": "India",
        "Destinations": "87",
        "URL": "https://en.wikipedia.org/wiki/Air_India",
        "Created_Date": "2025-04-25 21:12:24",
        "Updated_Date": "2025-04-25 21:12:24"
    },
    "support": {
        "url": "https://omrbranch.com",
        "text": "For Joining Automation Course, Please Contact-Velmurugan 9944152058"
    }
}
45635
]]></system-out>
  </testcase>
  <testcase name="putFlight" classname="com.omrbranch.testng.TestNGAPI" time="0.422">
    <system-out><![CDATA[200
{"message":"Flight Updated Successfully","data":{"id":45635,"flightName":"AirIndia","Country":"India","Destinations":"67","URL":"https:\/\/en.wikipedia.org\/wiki\/Air_India","Updated_date":"2025-04-25 21:12:24"}}
{
    "message": "Flight Updated Successfully",
    "data": {
        "id": 45635,
        "flightName": "AirIndia",
        "Country": "India",
        "Destinations": "67",
        "URL": "https://en.wikipedia.org/wiki/Air_India",
        "Updated_date": "2025-04-25 21:12:24"
    }
}
Flight Updated Successfully
]]></system-out>
  </testcase>
  <testcase name="patchFlight" classname="com.omrbranch.testng.TestNGAPI" time="0.506">
    <system-out><![CDATA[200
{"message":"Flight Updated Successfully","data":{"id":45635,"flightName":"AirIndia","Country":"India","Destinations":"97","URL":"https:\/\/en.wikipedia.org\/wiki\/Air_India","Updated_date":"2025-04-25 21:12:25"}}
{
    "message": "Flight Updated Successfully",
    "data": {
        "id": 45635,
        "flightName": "AirIndia",
        "Country": "India",
        "Destinations": "97",
        "URL": "https://en.wikipedia.org/wiki/Air_India",
        "Updated_date": "2025-04-25 21:12:25"
    }
}
Flight Updated Successfully
]]></system-out>
  </testcase>
  <testcase name="deleteFlight" classname="com.omrbranch.testng.TestNGAPI" time="0.419">
    <system-out><![CDATA[204


]]></system-out>
  </testcase>
  <testcase name="listFlight" classname="com.omrbranch.testng.TestNGAPI" time="0.51">
    <system-out><![CDATA[200
{"page":"1","per_page":6,"total":14199,"total_pages":2367,"data":[{"id":49,"flightName":"AirIndia","Country":"India","Destinations":"85","URL":"https:\/\/en.wikipedia.org\/wiki\/Air_India"},{"id":481,"flightName":"Lufthansa","Country":"India","Destinations":"87","URL":"https:\/\/en.wikipedia.org\/wiki\/Air_India"},{"id":516,"flightName":"AIR CANADA","Country":"India","Destinations":"19","URL":"https:\/\/en.wikipedia.org\/wiki\/Air_India"},{"id":548,"flightName":"AirIndia","Country":"India","Destinations":"87","URL":"https:\/\/en.wikipedia.org\/wiki\/Air_India"},{"id":557,"flightName":"AirIndia","Country":"India","Destinations":"87","URL":"https:\/\/en.wikipedia.org\/wiki\/Air_India"},{"id":561,"flightName":"AirIndia","Country":"India","Destinations":"87","URL":"https:\/\/en.wikipedia.org\/wiki\/Air_India"}],"support":{"url":"https:\/\/omrbranch.com","text":"For Joining Automation Course, Please Contact-Velmurugan 9944152058"}}
{
    "page": "1",
    "per_page": 6,
    "total": 14199,
    "total_pages": 2367,
    "data": [
        {
            "id": 49,
            "flightName": "AirIndia",
            "Country": "India",
            "Destinations": "85",
            "URL": "https://en.wikipedia.org/wiki/Air_India"
        },
        {
            "id": 481,
            "flightName": "Lufthansa",
            "Country": "India",
            "Destinations": "87",
            "URL": "https://en.wikipedia.org/wiki/Air_India"
        },
        {
            "id": 516,
            "flightName": "AIR CANADA",
            "Country": "India",
            "Destinations": "19",
            "URL": "https://en.wikipedia.org/wiki/Air_India"
        },
        {
            "id": 548,
            "flightName": "AirIndia",
            "Country": "India",
            "Destinations": "87",
            "URL": "https://en.wikipedia.org/wiki/Air_India"
        },
        {
            "id": 557,
            "flightName": "AirIndia",
            "Country": "India",
            "Destinations": "87",
            "URL": "https://en.wikipedia.org/wiki/Air_India"
        },
        {
            "id": 561,
            "flightName": "AirIndia",
            "Country": "India",
            "Destinations": "87",
            "URL": "https://en.wikipedia.org/wiki/Air_India"
        }
    ],
    "support": {
        "url": "https://omrbranch.com",
        "text": "For Joining Automation Course, Please Contact-Velmurugan 9944152058"
    }
}
1
]]></system-out>
  </testcase>
</testsuite>