<?xml version="1.0" encoding="UTF-8"?>
<!-- Generated by org.testng.reporters.JUnitReportReporter -->
<testsuite hostname="Karim" failures="0" tests="7" name="com.omrbranch.testng.LoginBasicAuth" time="8.456" errors="0" timestamp="2025-04-23T18:00:36 IST" skipped="0">
  <testcase classname="com.omrbranch.testng.LoginBasicAuth" name="login" time="4.783"/>
  <testcase classname="com.omrbranch.testng.LoginBasicAuth" name="stateList" time="0.415"/>
  <testcase classname="com.omrbranch.testng.LoginBasicAuth" name="getCityList" time="0.768"/>
  <testcase classname="com.omrbranch.testng.LoginBasicAuth" name="addUserAddress" time="0.551"/>
  <testcase classname="com.omrbranch.testng.LoginBasicAuth" name="getUserAddress" time="0.566"/>
  <testcase classname="com.omrbranch.testng.LoginBasicAuth" name="updateAddress" time="0.474"/>
  <testcase classname="com.omrbranch.testng.LoginBasicAuth" name="deleteAdddress" time="0.899"/>
</testsuite> <!-- com.omrbranch.testng.LoginBasicAuth -->
