<?xml version="1.0" encoding="UTF-8"?>
<!-- Generated by org.testng.reporters.JUnitReportReporter -->
<testsuite hostname="Karim" failures="0" tests="1" name="com.omrbranch.testng.GroceryProjectWithAPIIntegration" time="27.635" errors="0" timestamp="2025-05-01T13:29:01 IST" skipped="0">
  <testcase classname="com.omrbranch.testng.GroceryProjectWithAPIIntegration" name="placingOrderUsingWebUI" time="27.635"/>
</testsuite> <!-- com.omrbranch.testng.GroceryProjectWithAPIIntegration -->
