<?xml version="1.0" encoding="UTF-8"?>
<!-- Generated by org.testng.reporters.JUnitReportReporter -->
<testsuite hostname="Karim" failures="0" tests="1" name="com.omrbranch.testng.Logtoken" time="26.109" errors="0" timestamp="2025-04-23T16:23:34 IST" skipped="0">
  <testcase classname="com.omrbranch.testng.Logtoken" name="login" time="26.109"/>
</testsuite> <!-- com.omrbranch.testng.Logtoken -->
