<?xml version="1.0" encoding="UTF-8"?>
<!-- Generated by org.testng.reporters.JUnitReportReporter -->
<testsuite hostname="Karim" failures="0" tests="5" name="com.omrbranch.testng.GroceryProjectWithAPIIntegration" time="33.344" errors="0" timestamp="2025-05-01T12:34:00 IST" skipped="0">
  <testcase classname="com.omrbranch.testng.GroceryProjectWithAPIIntegration" name="placingOrderUsingWebUI" time="29.314"/>
  <testcase classname="com.omrbranch.testng.GroceryProjectWithAPIIntegration" name="login" time="2.633"/>
  <testcase classname="com.omrbranch.testng.GroceryProjectWithAPIIntegration" name="clearCart" time="0.422"/>
  <testcase classname="com.omrbranch.testng.GroceryProjectWithAPIIntegration" name="getAllOrder" time="0.424"/>
  <testcase classname="com.omrbranch.testng.GroceryProjectWithAPIIntegration" name="cancelOrder" time="0.551"/>
</testsuite> <!-- com.omrbranch.testng.GroceryProjectWithAPIIntegration -->
