<?xml version="1.0" encoding="UTF-8"?>
<!-- Generated by org.testng.reporters.JUnitReportReporter -->
<testsuite hostname="Karim" failures="0" tests="5" name="com.omrbranch.testng.ModifyFav" time="7.779" errors="0" timestamp="2025-04-29T17:24:35 IST" skipped="0">
  <testcase classname="com.omrbranch.testng.ModifyFav" name="login" time="5.294"/>
  <testcase classname="com.omrbranch.testng.ModifyFav" name="searchProduct" time="0.727"/>
  <testcase classname="com.omrbranch.testng.ModifyFav" name="getSearchResult" time="0.371"/>
  <testcase classname="com.omrbranch.testng.ModifyFav" name="manageUserFavourites" time="0.699"/>
  <testcase classname="com.omrbranch.testng.ModifyFav" name="getUserFavourites" time="0.688"/>
</testsuite> <!-- com.omrbranch.testng.ModifyFav -->
