<?xml version="1.0" encoding="UTF-8"?>
<!-- Generated by org.testng.reporters.JUnitReportReporter -->
<testsuite hostname="Karim" failures="0" tests="6" name="com.omrbranch.testng.TestNGAPI" time="4.768" errors="0" timestamp="2025-04-14T15:40:34 IST" skipped="0">
  <testcase classname="com.omrbranch.testng.TestNGAPI" name="postFlight" time="1.678"/>
  <system-out/>
  <testcase classname="com.omrbranch.testng.TestNGAPI" name="getFlight" time="0.533"/>
  <system-out/>
  <testcase classname="com.omrbranch.testng.TestNGAPI" name="putFlight" time="0.633"/>
  <system-out/>
  <testcase classname="com.omrbranch.testng.TestNGAPI" name="patchFlight" time="0.649"/>
  <system-out/>
  <testcase classname="com.omrbranch.testng.TestNGAPI" name="deleteFlight" time="0.633"/>
  <system-out/>
  <testcase classname="com.omrbranch.testng.TestNGAPI" name="listFlight" time="0.642"/>
  <system-out/>
</testsuite> <!-- com.omrbranch.testng.TestNGAPI -->
