<?xml version="1.0" encoding="UTF-8"?>
<!-- Generated by org.testng.reporters.JUnitReportReporter -->
<testsuite hostname="Karim" failures="0" tests="2" name="com.omrbranch.testng.TestAPIWithBaseClass" time="5.702" errors="0" timestamp="2025-04-21T14:31:39 IST" skipped="0">
  <testcase classname="com.omrbranch.testng.TestAPIWithBaseClass" name="postFlight" time="4.116"/>
  <testcase classname="com.omrbranch.testng.TestAPIWithBaseClass" name="login" time="1.586"/>
</testsuite> <!-- com.omrbranch.testng.TestAPIWithBaseClass -->
