<?xml version="1.0" encoding="UTF-8"?>
<!-- Generated by org.testng.reporters.JUnitReportReporter -->
<testsuite hostname="Karim" failures="0" tests="10" name="com.omrbranch.testng.APICategoryUsingSearchBtn" time="8.182" errors="0" timestamp="2025-04-30T20:49:45 IST" skipped="0">
  <testcase classname="com.omrbranch.testng.APICategoryUsingSearchBtn" name="login" time="2.224"/>
  <testcase classname="com.omrbranch.testng.APICategoryUsingSearchBtn" name="clearCart" time="0.383"/>
  <testcase classname="com.omrbranch.testng.APICategoryUsingSearchBtn" name="searchProduct" time="0.433"/>
  <testcase classname="com.omrbranch.testng.APICategoryUsingSearchBtn" name="getSearchResult" time="0.382"/>
  <testcase classname="com.omrbranch.testng.APICategoryUsingSearchBtn" name="addToCart" time="0.478"/>
  <testcase classname="com.omrbranch.testng.APICategoryUsingSearchBtn" name="getCartItems" time="0.416"/>
  <testcase classname="com.omrbranch.testng.APICategoryUsingSearchBtn" name="addUserAddress" time="0.339"/>
  <testcase classname="com.omrbranch.testng.APICategoryUsingSearchBtn" name="setAddress" time="0.241"/>
  <testcase classname="com.omrbranch.testng.APICategoryUsingSearchBtn" name="createOrder" time="2.894"/>
  <testcase classname="com.omrbranch.testng.APICategoryUsingSearchBtn" name="cancelOrder" time="0.392"/>
</testsuite> <!-- com.omrbranch.testng.APICategoryUsingSearchBtn -->
