<?xml version="1.0" encoding="UTF-8"?>
<!-- Generated by org.testng.reporters.JUnitReportReporter -->
<testsuite hostname="Karim" failures="0" tests="2" name="com.omrbranch.testng.GroceryWithAPI" time="2.435" errors="0" timestamp="2025-04-30T19:46:05 IST" skipped="0">
  <testcase classname="com.omrbranch.testng.GroceryWithAPI" name="login" time="2.069"/>
  <testcase classname="com.omrbranch.testng.GroceryWithAPI" name="clearCart" time="0.366"/>
</testsuite> <!-- com.omrbranch.testng.GroceryWithAPI -->
