<?xml version="1.0" encoding="UTF-8"?>
<!-- Generated by org.testng.reporters.JUnitReportReporter -->
<testsuite hostname="Karim" failures="0" tests="5" name="com.omrbranch.testng.GroceryProjectWithAPIIntegration" time="35.193" errors="0" timestamp="2025-05-01T12:58:43 IST" skipped="0">
  <testcase classname="com.omrbranch.testng.GroceryProjectWithAPIIntegration" name="placingOrderUsingWebUI" time="31.480"/>
  <testcase classname="com.omrbranch.testng.GroceryProjectWithAPIIntegration" name="login" time="2.228"/>
  <testcase classname="com.omrbranch.testng.GroceryProjectWithAPIIntegration" name="clearCart" time="0.502"/>
  <testcase classname="com.omrbranch.testng.GroceryProjectWithAPIIntegration" name="getAllOrder" time="0.450"/>
  <testcase classname="com.omrbranch.testng.GroceryProjectWithAPIIntegration" name="cancelOrder" time="0.533"/>
</testsuite> <!-- com.omrbranch.testng.GroceryProjectWithAPIIntegration -->
