<?xml version="1.0" encoding="UTF-8"?>
<!-- Generated by org.testng.reporters.JUnitReportReporter -->
<testsuite hostname="Karim" failures="0" tests="9" name="com.omrbranch.testng.APICategoryUsingSearchBtn" time="13.717" errors="0" timestamp="2025-04-26T15:55:50 IST" skipped="0">
  <testcase classname="com.omrbranch.testng.APICategoryUsingSearchBtn" name="login" time="6.394"/>
  <testcase classname="com.omrbranch.testng.APICategoryUsingSearchBtn" name="searchProduct" time="0.822"/>
  <testcase classname="com.omrbranch.testng.APICategoryUsingSearchBtn" name="getSearchResult" time="0.553"/>
  <testcase classname="com.omrbranch.testng.APICategoryUsingSearchBtn" name="addToCart" time="0.609"/>
  <testcase classname="com.omrbranch.testng.APICategoryUsingSearchBtn" name="getCartItems" time="0.592"/>
  <testcase classname="com.omrbranch.testng.APICategoryUsingSearchBtn" name="addUserAddress" time="0.564"/>
  <testcase classname="com.omrbranch.testng.APICategoryUsingSearchBtn" name="setAddress" time="0.398"/>
  <testcase classname="com.omrbranch.testng.APICategoryUsingSearchBtn" name="createOrder" time="3.223"/>
  <testcase classname="com.omrbranch.testng.APICategoryUsingSearchBtn" name="cancelOrder" time="0.562"/>
</testsuite> <!-- com.omrbranch.testng.APICategoryUsingSearchBtn -->
