<?xml version="1.0" encoding="UTF-8"?>
<!-- Generated by org.testng.reporters.JUnitReportReporter -->
<testsuite hostname="Karim" failures="0" tests="6" name="com.omrbranch.testng.TestNGAPI" time="2.727" errors="0" timestamp="2025-04-25T21:12:26 IST" skipped="0">
  <testcase classname="com.omrbranch.testng.TestNGAPI" name="postFlight" time="0.455"/>
  <testcase classname="com.omrbranch.testng.TestNGAPI" name="getFlight" time="0.423"/>
  <testcase classname="com.omrbranch.testng.TestNGAPI" name="putFlight" time="0.407"/>
  <testcase classname="com.omrbranch.testng.TestNGAPI" name="patchFlight" time="0.516"/>
  <testcase classname="com.omrbranch.testng.TestNGAPI" name="deleteFlight" time="0.425"/>
  <testcase classname="com.omrbranch.testng.TestNGAPI" name="listFlight" time="0.501"/>
</testsuite> <!-- com.omrbranch.testng.TestNGAPI -->
