<?xml version="1.0" encoding="UTF-8"?>
<!-- Generated by org.testng.reporters.JUnitReportReporter -->
<testsuite hostname="Karim" failures="0" tests="2" name="com.omrbranch.testng.TestAPIWithBaseClass" time="4.032" errors="0" timestamp="2025-04-25T21:12:26 IST" skipped="0">
  <testcase classname="com.omrbranch.testng.TestAPIWithBaseClass" name="postFlight" time="3.488"/>
  <testcase classname="com.omrbranch.testng.TestAPIWithBaseClass" name="login" time="0.544"/>
</testsuite> <!-- com.omrbranch.testng.TestAPIWithBaseClass -->
